# JRE version: OpenJDK Runtime Environment (8.0_112-b06) (build 1.8.0_112-release-b06)
# Java VM: OpenJDK 64-Bit Server VM (25.112-b06 mixed mode windows-amd64 compressed oops)
Heap:
 PSYoungGen      total 460800K, used 303062K [0x00000000e0000000, 0x00000000feb00000, 0x0000000100000000)
  eden space 428544K, 68% used [0x00000000e0000000,0x00000000f1dbc030,0x00000000fa280000)
  from space 32256K, 32% used [0x00000000fc100000,0x00000000fcb39800,0x00000000fe080000)
  to   space 31232K, 0% used [0x00000000fa280000,0x00000000fa280000,0x00000000fc100000)
 ParOldGen       total 159232K, used 51676K [0x00000000a0000000, 0x00000000a9b80000, 0x00000000e0000000)
  object space 159232K, 32% used [0x00000000a0000000,0x00000000a3277168,0x00000000a9b80000)
 Metaspace       used 67473K, capacity 70926K, committed 71168K, reserved 1110016K
  class space    used 8886K, capacity 9678K, committed 9728K, reserved 1048576K
GC Heap History (10 events):
Event: 4642.639 GC heap before
{Heap before GC invocations=15 (full 3):
 PSYoungGen      total 275456K, used 244736K [0x00000000e0000000, 0x00000000f6e80000, 0x0000000100000000)
  eden space 244736K, 100% used [0x00000000e0000000,0x00000000eef00000,0x00000000eef00000)
  from space 30720K, 0% used [0x00000000eef00000,0x00000000eef00000,0x00000000f0d00000)
  to   space 30720K, 0% used [0x00000000f5080000,0x00000000f5080000,0x00000000f6e80000)
 ParOldGen       total 159232K, used 45736K [0x00000000a0000000, 0x00000000a9b80000, 0x00000000e0000000)
  object space 159232K, 28% used [0x00000000a0000000,0x00000000a2caa148,0x00000000a9b80000)
 Metaspace       used 64376K, capacity 67162K, committed 67456K, reserved 1107968K
  class space    used 8531K, capacity 9242K, committed 9344K, reserved 1048576K
Event: 4642.737 GC heap after
Heap after GC invocations=15 (full 3):
 PSYoungGen      total 328192K, used 10675K [0x00000000e0000000, 0x00000000f6500000, 0x0000000100000000)
  eden space 307200K, 0% used [0x00000000e0000000,0x00000000e0000000,0x00000000f2c00000)
  from space 20992K, 50% used [0x00000000f5080000,0x00000000f5aecd48,0x00000000f6500000)
  to   space 29184K, 0% used [0x00000000f2c00000,0x00000000f2c00000,0x00000000f4880000)
 ParOldGen       total 159232K, used 45744K [0x00000000a0000000, 0x00000000a9b80000, 0x00000000e0000000)
  object space 159232K, 28% used [0x00000000a0000000,0x00000000a2cac148,0x00000000a9b80000)
 Metaspace       used 64376K, capacity 67162K, committed 67456K, reserved 1107968K
  class space    used 8531K, capacity 9242K, committed 9344K, reserved 1048576K
}
Event: 4650.157 GC heap before
{Heap before GC invocations=16 (full 3):
 PSYoungGen      total 328192K, used 317875K [0x00000000e0000000, 0x00000000f6500000, 0x0000000100000000)
  eden space 307200K, 100% used [0x00000000e0000000,0x00000000f2c00000,0x00000000f2c00000)
  from space 20992K, 50% used [0x00000000f5080000,0x00000000f5aecd48,0x00000000f6500000)
  to   space 29184K, 0% used [0x00000000f2c00000,0x00000000f2c00000,0x00000000f4880000)
 ParOldGen       total 159232K, used 45744K [0x00000000a0000000, 0x00000000a9b80000, 0x00000000e0000000)
  object space 159232K, 28% used [0x00000000a0000000,0x00000000a2cac148,0x00000000a9b80000)
 Metaspace       used 65083K, capacity 68118K, committed 68224K, reserved 1107968K
  class space    used 8581K, capacity 9316K, committed 9344K, reserved 1048576K
Event: 4650.185 GC heap after
Heap after GC invocations=16 (full 3):
 PSYoungGen      total 318976K, used 22881K [0x00000000e0000000, 0x00000000f5e00000, 0x0000000100000000)
  eden space 295936K, 0% used [0x00000000e0000000,0x00000000e0000000,0x00000000f2100000)
  from space 23040K, 99% used [0x00000000f2c00000,0x00000000f4258490,0x00000000f4280000)
  to   space 28160K, 0% used [0x00000000f4280000,0x00000000f4280000,0x00000000f5e00000)
 ParOldGen       total 159232K, used 45752K [0x00000000a0000000, 0x00000000a9b80000, 0x00000000e0000000)
  object space 159232K, 28% used [0x00000000a0000000,0x00000000a2cae148,0x00000000a9b80000)
 Metaspace       used 65083K, capacity 68118K, committed 68224K, reserved 1107968K
  class space    used 8581K, capacity 9316K, committed 9344K, reserved 1048576K
}
Event: 4651.238 GC heap before
{Heap before GC invocations=17 (full 3):
 PSYoungGen      total 318976K, used 318434K [0x00000000e0000000, 0x00000000f5e00000, 0x0000000100000000)
  eden space 295936K, 99% used [0x00000000e0000000,0x00000000f20a0650,0x00000000f2100000)
  from space 23040K, 99% used [0x00000000f2c00000,0x00000000f4258490,0x00000000f4280000)
  to   space 28160K, 0% used [0x00000000f4280000,0x00000000f4280000,0x00000000f5e00000)
 ParOldGen       total 159232K, used 45752K [0x00000000a0000000, 0x00000000a9b80000, 0x00000000e0000000)
  object space 159232K, 28% used [0x00000000a0000000,0x00000000a2cae148,0x00000000a9b80000)
 Metaspace       used 66795K, capacity 69980K, committed 70016K, reserved 1110016K
  class space    used 8821K, capacity 9565K, committed 9600K, reserved 1048576K
Event: 4651.251 GC heap after
Heap after GC invocations=17 (full 3):
 PSYoungGen      total 310272K, used 24679K [0x00000000e0000000, 0x00000000f5b00000, 0x0000000100000000)
  eden space 285184K, 0% used [0x00000000e0000000,0x00000000e0000000,0x00000000f1680000)
  from space 25088K, 98% used [0x00000000f4280000,0x00000000f5a99e90,0x00000000f5b00000)
  to   space 33792K, 0% used [0x00000000f1900000,0x00000000f1900000,0x00000000f3a00000)
 ParOldGen       total 159232K, used 45760K [0x00000000a0000000, 0x00000000a9b80000, 0x00000000e0000000)
  object space 159232K, 28% used [0x00000000a0000000,0x00000000a2cb0148,0x00000000a9b80000)
 Metaspace       used 66795K, capacity 69980K, committed 70016K, reserved 1110016K
  class space    used 8821K, capacity 9565K, committed 9600K, reserved 1048576K
}
Event: 4651.283 GC heap before
{Heap before GC invocations=18 (full 3):
 PSYoungGen      total 310272K, used 309234K [0x00000000e0000000, 0x00000000f5b00000, 0x0000000100000000)
  eden space 285184K, 99% used [0x00000000e0000000,0x00000000f15e2ad8,0x00000000f1680000)
  from space 25088K, 98% used [0x00000000f4280000,0x00000000f5a99e90,0x00000000f5b00000)
  to   space 33792K, 0% used [0x00000000f1900000,0x00000000f1900000,0x00000000f3a00000)
 ParOldGen       total 159232K, used 45760K [0x00000000a0000000, 0x00000000a9b80000, 0x00000000e0000000)
  object space 159232K, 28% used [0x00000000a0000000,0x00000000a2cb0148,0x00000000a9b80000)
 Metaspace       used 66802K, capacity 69980K, committed 70016K, reserved 1110016K
  class space    used 8821K, capacity 9565K, committed 9600K, reserved 1048576K
Event: 4651.294 GC heap after
Heap after GC invocations=18 (full 3):
 PSYoungGen      total 321536K, used 16168K [0x00000000e0000000, 0x00000000fe080000, 0x0000000100000000)
  eden space 287744K, 0% used [0x00000000e0000000,0x00000000e0000000,0x00000000f1900000)
  from space 33792K, 47% used [0x00000000f1900000,0x00000000f28ca1f8,0x00000000f3a00000)
  to   space 32256K, 0% used [0x00000000fc100000,0x00000000fc100000,0x00000000fe080000)
 ParOldGen       total 159232K, used 45768K [0x00000000a0000000, 0x00000000a9b80000, 0x00000000e0000000)
  object space 159232K, 28% used [0x00000000a0000000,0x00000000a2cb2148,0x00000000a9b80000)
 Metaspace       used 66802K, capacity 69980K, committed 70016K, reserved 1110016K
  class space    used 8821K, capacity 9565K, committed 9600K, reserved 1048576K
}
Event: 4651.367 GC heap before
{Heap before GC invocations=19 (full 3):
 PSYoungGen      total 321536K, used 303912K [0x00000000e0000000, 0x00000000fe080000, 0x0000000100000000)
  eden space 287744K, 100% used [0x00000000e0000000,0x00000000f1900000,0x00000000f1900000)
  from space 33792K, 47% used [0x00000000f1900000,0x00000000f28ca1f8,0x00000000f3a00000)
  to   space 32256K, 0% used [0x00000000fc100000,0x00000000fc100000,0x00000000fe080000)
 ParOldGen       total 159232K, used 45768K [0x00000000a0000000, 0x00000000a9b80000, 0x00000000e0000000)
  object space 159232K, 28% used [0x00000000a0000000,0x00000000a2cb2148,0x00000000a9b80000)
 Metaspace       used 66821K, capacity 70024K, committed 70272K, reserved 1110016K
  class space    used 8826K, capacity 9599K, committed 9600K, reserved 1048576K
Event: 4651.387 GC heap after
Heap after GC invocations=19 (full 3):
 PSYoungGen      total 460800K, used 10470K [0x00000000e0000000, 0x00000000feb00000, 0x0000000100000000)
  eden space 428544K, 0% used [0x00000000e0000000,0x00000000e0000000,0x00000000fa280000)
  from space 32256K, 32% used [0x00000000fc100000,0x00000000fcb39800,0x00000000fe080000)
  to   space 31232K, 0% used [0x00000000fa280000,0x00000000fa280000,0x00000000fc100000)
 ParOldGen       total 159232K, used 51676K [0x00000000a0000000, 0x00000000a9b80000, 0x00000000e0000000)
  object space 159232K, 32% used [0x00000000a0000000,0x00000000a3277168,0x00000000a9b80000)
 Metaspace       used 66821K, capacity 70024K, committed 70272K, reserved 1110016K
  class space    used 8826K, capacity 9599K, committed 9600K, reserved 1048576K
}

